#
# There is insufficient memory for the Java Runtime Environment to continue.
# Native memory allocation (mmap) failed to map 165675008 bytes for G1 virtual space
# Possible reasons:
#   The system is out of physical RAM or swap space
#   The process is running with CompressedOops enabled, and the Java Heap may be blocking the growth of the native heap
# Possible solutions:
#   Reduce memory load on the system
#   Increase physical memory or swap space
#   Check if swap backing store is full
#   Decrease Java heap size (-Xmx/-Xms)
#   Decrease number of Java threads
#   Decrease Java thread stack sizes (-Xss)
#   Set larger code cache with -XX:ReservedCodeCacheSize=
#   JVM is running with Zero Based Compressed Oops mode in which the Java heap is
#     placed in the first 32GB address space. The Java Heap base address is the
#     maximum limit for the native heap growth. Please use -XX:HeapBaseMinAddress
#     to set the Java Heap base and to place the Java Heap above 32GB virtual address.
# This output file may be truncated or incomplete.
#
#  Out of Memory Error (os_windows.cpp:3548), pid=27108, tid=21008
#
# JRE version:  (17.0.11+7) (build )
# Java VM: Java HotSpot(TM) 64-Bit Server VM (17.0.11+7-LTS-207, mixed mode, sharing, tiered, compressed oops, compressed class ptrs, g1 gc, windows-amd64)
# No core dump will be written. Minidumps are not enabled by default on client versions of Windows
#

---------------  S U M M A R Y ------------

Command Line: org.jetbrains.kotlin.cli.jvm.K2JVMCompiler @D:\ReactNative\btapp\node_modules\react-native-keyboard-controller\android\build\20250410_14260824232721492305.compiler.options

Host: AMD Ryzen 5 5500U with Radeon Graphics         , 12 cores, 9G,  Windows 11 , 64 bit Build 26100 (10.0.26100.3775)
Time: Thu Apr 10 00:06:58 2025 India Standard Time elapsed time: 0.015940 seconds (0d 0h 0m 0s)

---------------  T H R E A D  ---------------

Current thread (0x00000257bcb018e0):  JavaThread "Unknown thread" [_thread_in_vm, id=21008, stack(0x0000005965000000,0x0000005965100000)]

Stack: [0x0000005965000000,0x0000005965100000]
Native frames: (J=compiled Java code, j=interpreted, Vv=VM code, C=native code)
V  [jvm.dll+0x679cca]
V  [jvm.dll+0x7da13d]
V  [jvm.dll+0x7dba83]
V  [jvm.dll+0x7dc0f3]
V  [jvm.dll+0x2449af]
V  [jvm.dll+0x676ce9]
V  [jvm.dll+0x66b852]
V  [jvm.dll+0x3018d6]
V  [jvm.dll+0x308e76]
V  [jvm.dll+0x3596ee]
V  [jvm.dll+0x35991f]
V  [jvm.dll+0x2d89a8]
V  [jvm.dll+0x2d9914]
V  [jvm.dll+0x7ac6b1]
V  [jvm.dll+0x366f61]
V  [jvm.dll+0x78b609]
V  [jvm.dll+0x3ec22f]
V  [jvm.dll+0x3ede61]
C  [jli.dll+0x5297]
C  [ucrtbase.dll+0x37b0]
C  [KERNEL32.DLL+0x2e8d7]
C  [ntdll.dll+0xb14fc]


---------------  P R O C E S S  ---------------

Threads class SMR info:
_java_thread_list=0x00007ffc61237a18, length=0, elements={
}

Java Threads: ( => current thread )

Other Threads:
  0x00000257bcb52040 GCTaskThread "GC Thread#0" [stack: 0x0000005965100000,0x0000005965200000] [id=22812]
  0x00000257bcb5ed80 ConcurrentGCThread "G1 Main Marker" [stack: 0x0000005965200000,0x0000005965300000] [id=22376]
  0x00000257bcb60460 ConcurrentGCThread "G1 Conc#0" [stack: 0x0000005965300000,0x0000005965400000] [id=21020]

[error occurred during error reporting (printing all threads), id 0xc0000005, EXCEPTION_ACCESS_VIOLATION (0xc0000005) at pc=0x00007ffc60a69497]

VM state: not at safepoint (not fully initialized)

VM Mutex/Monitor currently owned by a thread:  ([mutex/lock_event])
[0x00000257bcaff6b0] Heap_lock - owner thread: 0x00000257bcb018e0

Heap address: 0x0000000762200000, size: 2526 MB, Compressed Oops mode: Zero based, Oop shift amount: 3

CDS archive(s) mapped at: [0x0000000000000000-0x0000000000000000-0x0000000000000000), size 0, SharedBaseAddress: 0x0000000800000000, ArchiveRelocationMode: 1.
Narrow klass base: 0x0000000000000000, Narrow klass shift: 0, Narrow klass range: 0x0

GC Precious Log:
<Empty>

Heap:
 garbage-first heap   total 0K, used 0K [0x0000000762200000, 0x0000000800000000)
  region size 2048K, 0 young (0K), 0 survivors (0K)

[error occurred during error reporting (printing heap information), id 0xc0000005, EXCEPTION_ACCESS_VIOLATION (0xc0000005) at pc=0x00007ffc60e53559]

GC Heap History (0 events):
No events

Deoptimization events (0 events):
No events

Classes unloaded (0 events):
No events

Classes redefined (0 events):
No events

Internal exceptions (0 events):
No events

VM Operations (0 events):
No events

Events (1 events):
Event: 0.011 Loaded shared library C:\Program Files\Java\jdk-17\bin\java.dll


Dynamic libraries:
0x00007ff6f2f40000 - 0x00007ff6f2f50000 	C:\Program Files\Java\jdk-17\bin\java.exe
0x00007ffd0c800000 - 0x00007ffd0ca60000 	C:\WINDOWS\SYSTEM32\ntdll.dll
0x00007ffd0bba0000 - 0x00007ffd0bc67000 	C:\WINDOWS\System32\KERNEL32.DLL
0x00007ffd09df0000 - 0x00007ffd0a1ba000 	C:\WINDOWS\System32\KERNELBASE.dll
0x00007ffd09ca0000 - 0x00007ffd09deb000 	C:\WINDOWS\System32\ucrtbase.dll
0x00007ffce7060000 - 0x00007ffce7079000 	C:\Program Files\Java\jdk-17\bin\jli.dll
0x00007ffce70c0000 - 0x00007ffce70db000 	C:\Program Files\Java\jdk-17\bin\VCRUNTIME140.dll
0x00007ffd0b980000 - 0x00007ffd0ba32000 	C:\WINDOWS\System32\ADVAPI32.dll
0x00007ffd0c660000 - 0x00007ffd0c709000 	C:\WINDOWS\System32\msvcrt.dll
0x00007ffd0a830000 - 0x00007ffd0a8d6000 	C:\WINDOWS\System32\sechost.dll
0x00007ffd0b820000 - 0x00007ffd0b936000 	C:\WINDOWS\System32\RPCRT4.dll
0x00007ffd0afb0000 - 0x00007ffd0b17c000 	C:\WINDOWS\System32\USER32.dll
0x00007ffce9400000 - 0x00007ffce9697000 	C:\WINDOWS\WinSxS\amd64_microsoft.windows.common-controls_6595b64144ccf1df_6.0.26100.3624_none_3e086962e3345f24\COMCTL32.dll
0x00007ffd099e0000 - 0x00007ffd09a07000 	C:\WINDOWS\System32\win32u.dll
0x00007ffd0c790000 - 0x00007ffd0c7ba000 	C:\WINDOWS\System32\GDI32.dll
0x00007ffd09a10000 - 0x00007ffd09b41000 	C:\WINDOWS\System32\gdi32full.dll
0x00007ffd09b50000 - 0x00007ffd09bf3000 	C:\WINDOWS\System32\msvcp_win.dll
0x00007ffd01a70000 - 0x00007ffd01a7b000 	C:\WINDOWS\SYSTEM32\VERSION.dll
0x00007ffd0b940000 - 0x00007ffd0b96f000 	C:\WINDOWS\System32\IMM32.DLL
0x00007ffcfbb80000 - 0x00007ffcfbb8c000 	C:\Program Files\Java\jdk-17\bin\vcruntime140_1.dll
0x00007ffcaf5a0000 - 0x00007ffcaf62e000 	C:\Program Files\Java\jdk-17\bin\msvcp140.dll
0x00007ffc60780000 - 0x00007ffc61360000 	C:\Program Files\Java\jdk-17\bin\server\jvm.dll
0x00007ffd0c550000 - 0x00007ffd0c558000 	C:\WINDOWS\System32\PSAPI.DLL
0x00007ffcf5940000 - 0x00007ffcf594a000 	C:\WINDOWS\SYSTEM32\WSOCK32.dll
0x00007ffd01a30000 - 0x00007ffd01a66000 	C:\WINDOWS\SYSTEM32\WINMM.dll
0x00007ffd0a720000 - 0x00007ffd0a794000 	C:\WINDOWS\System32\WS2_32.dll
0x00007ffd087f0000 - 0x00007ffd0880a000 	C:\WINDOWS\SYSTEM32\kernel.appcore.dll
0x00007ffcf58d0000 - 0x00007ffcf58da000 	C:\Program Files\Java\jdk-17\bin\jimage.dll
0x00007ffcef500000 - 0x00007ffcef741000 	C:\WINDOWS\SYSTEM32\DBGHELP.DLL
0x00007ffd0aba0000 - 0x00007ffd0af22000 	C:\WINDOWS\System32\combase.dll
0x00007ffd0bd20000 - 0x00007ffd0bdf6000 	C:\WINDOWS\System32\OLEAUT32.dll
0x00007ffcea7b0000 - 0x00007ffcea7e9000 	C:\WINDOWS\SYSTEM32\dbgcore.DLL
0x00007ffd09c00000 - 0x00007ffd09c99000 	C:\WINDOWS\System32\bcryptPrimitives.dll
0x00007ffcdb3e0000 - 0x00007ffcdb405000 	C:\Program Files\Java\jdk-17\bin\java.dll

dbghelp: loaded successfully - version: 4.0.5 - missing functions: none
symbol engine: initialized successfully - sym options: 0x614 - pdb path: .;C:\Program Files\Java\jdk-17\bin;C:\WINDOWS\SYSTEM32;C:\WINDOWS\WinSxS\amd64_microsoft.windows.common-controls_6595b64144ccf1df_6.0.26100.3624_none_3e086962e3345f24;C:\Program Files\Java\jdk-17\bin\server

VM Arguments:
java_command: org.jetbrains.kotlin.cli.jvm.K2JVMCompiler @D:\ReactNative\btapp\node_modules\react-native-keyboard-controller\android\build\20250410_14260824232721492305.compiler.options
java_class_path (initial): C:\Users\coolv\.gradle\caches\modules-2\files-2.1\org.jetbrains.kotlin\kotlin-compiler-embeddable\2.0.21\79346ed53db48b18312a472602eb5c057070c54d\kotlin-compiler-embeddable-2.0.21.jar;C:\Users\coolv\.gradle\caches\modules-2\files-2.1\org.jetbrains.kotlin\kotlin-stdlib\2.0.21\618b539767b4899b4660a83006e052b63f1db551\kotlin-stdlib-2.0.21.jar;C:\Users\coolv\.gradle\caches\modules-2\files-2.1\org.jetbrains.kotlin\kotlin-script-runtime\2.0.21\c9b044380ad41f89aa89aa896c2d32a8c0b2129d\kotlin-script-runtime-2.0.21.jar;C:\Users\coolv\.gradle\caches\modules-2\files-2.1\org.jetbrains.kotlin\kotlin-reflect\1.6.10\1cbe9c92c12a94eea200d23c2bbaedaf3daf5132\kotlin-reflect-1.6.10.jar;C:\Users\coolv\.gradle\caches\modules-2\files-2.1\org.jetbrains.kotlin\kotlin-daemon-embeddable\2.0.21\c9e933b23287de9b5a17e2116b4657bb91aea72c\kotlin-daemon-embeddable-2.0.21.jar;C:\Users\coolv\.gradle\caches\modules-2\files-2.1\org.jetbrains.intellij.deps\trove4j\1.0.20200330\3afb14d5f9ceb459d724e907a21145e8ff394f02\trove4j-1.0.20200330.jar;C:\Users\coolv\.gradle\caches\modules-2\files-2.1\org.jetbrains.kotlinx\kotlinx-coroutines-core-jvm\1.6.4\2c997cd1c0ef33f3e751d3831929aeff1390cb30\kotlinx-coroutines-core-jvm-1.6.4.jar;C:\Users\coolv\.gradle\caches\modules-2\files-2.1\org.jetbrains\annotations\13.0\919f0dfe192fb4e063e7dacadee7f8bb9a2672a9\annotations-13.0.jar
Launcher Type: SUN_STANDARD

[Global flags]
     intx CICompilerCount                          = 4                                         {product} {ergonomic}
     uint ConcGCThreads                            = 3                                         {product} {ergonomic}
     uint G1ConcRefinementThreads                  = 10                                        {product} {ergonomic}
   size_t G1HeapRegionSize                         = 2097152                                   {product} {ergonomic}
    uintx GCDrainStackTargetSize                   = 64                                        {product} {ergonomic}
   size_t InitialHeapSize                          = 165675008                                 {product} {ergonomic}
   size_t MarkStackSize                            = 4194304                                   {product} {ergonomic}
   size_t MaxHeapSize                              = 2648702976                                {product} {ergonomic}
   size_t MinHeapDeltaBytes                        = 2097152                                   {product} {ergonomic}
   size_t MinHeapSize                              = 8388608                                   {product} {ergonomic}
    uintx NonNMethodCodeHeapSize                   = 5839372                                {pd product} {ergonomic}
    uintx NonProfiledCodeHeapSize                  = 122909434                              {pd product} {ergonomic}
    uintx ProfiledCodeHeapSize                     = 122909434                              {pd product} {ergonomic}
    uintx ReservedCodeCacheSize                    = 251658240                              {pd product} {ergonomic}
     bool SegmentedCodeCache                       = true                                      {product} {ergonomic}
   size_t SoftMaxHeapSize                          = 2648702976                             {manageable} {ergonomic}
     bool UseCompressedClassPointers               = true                           {product lp64_product} {ergonomic}
     bool UseCompressedOops                        = true                           {product lp64_product} {ergonomic}
     bool UseG1GC                                  = true                                      {product} {ergonomic}
     bool UseLargePagesIndividualAllocation        = false                                  {pd product} {ergonomic}

Logging:
Log output configuration:
 #0: stdout all=warning uptime,level,tags
 #1: stderr all=off uptime,level,tags

Environment Variables:
JAVA_HOME=C:\Program Files\Java\jdk-17
CLASSPATH=D:\ReactNative\btapp\android\\gradle\wrapper\gradle-wrapper.jar
PATH=D:\ReactNative\btapp\node_modules\.bin;D:\ReactNative\node_modules\.bin;D:\node_modules\.bin;C:\Users\coolv\AppData\Roaming\nvm\v20.18.0\node_modules\npm\node_modules\@npmcli\run-script\lib\node-gyp-bin;C:\WINDOWS\system32;C:\WINDOWS;C:\WINDOWS\System32\Wbem;C:\WINDOWS\System32\WindowsPowerShell\v1.0\;C:\WINDOWS\System32\OpenSSH\;C:\Program Files\Microsoft VS Code\bin;C:\ProgramData\chocolatey\bin;C:\Users\coolv\AppData\Roaming\nvm;C:\Program Files\nodejs;C:\MinGW\bin;C:\Program Files\Git\cmd;C:\Program Files\Java\jdk-17\bin;C:\Users\coolv\AppData\Local\Android\Sdk\platform-tools;;C:\Program Files\Docker\Docker\resources\bin;C:\Users\coolv\AppData\Local\Microsoft\WindowsApps;C:\Users\coolv\AppData\Local\Programs\Microsoft VS Code\bin;C:\Users\coolv\AppData\Roaming\npm;C:\Users\coolv\AppData\Roaming\Python\Scripts;C:\Users\coolv\AppData\Local\Packages\PythonSoftwareFoundation.Python.3.10_qbz5n2kfra8p0\LocalCache\local-packages\Python310\Scripts;C:\Users\coolv\AppData\Local\Programs\Windsurf\bin
USERNAME=vivek
LANG=en_US.UTF-8
OS=Windows_NT
PROCESSOR_IDENTIFIER=AMD64 Family 23 Model 104 Stepping 1, AuthenticAMD



---------------  S Y S T E M  ---------------

OS:
 Windows 11 , 64 bit Build 26100 (10.0.26100.3775)
OS uptime: 0 days 11:34 hours
Hyper-V role detected

CPU: total 12 (initial active 12) (12 cores per cpu, 2 threads per core) family 23 model 104 stepping 1 microcode 0x8608103, cx8, cmov, fxsr, ht, mmx, 3dnowpref, sse, sse2, sse3, ssse3, sse4a, sse4.1, sse4.2, popcnt, lzcnt, tsc, tscinvbit, avx, avx2, aes, clmul, bmi1, bmi2, adx, sha, fma, vzeroupper, clflush, clflushopt, hv

Memory: 4k page, system-wide physical 10101M (788M free)
TotalPageFile size 27056M (AvailPageFile size 95M)
current process WorkingSet (physical memory assigned to process): 12M, peak: 12M
current process commit charge ("private bytes"): 64M, peak: 222M

vm_info: Java HotSpot(TM) 64-Bit Server VM (17.0.11+7-LTS-207) for windows-amd64 JRE (17.0.11+7-LTS-207), built on Mar 11 2024 19:01:50 by "mach5one" with MS VC++ 17.6 (VS2022)

END.
